
> guestlist-app@0.1.0 dev
> next dev

   ▲ Next.js 15.3.3
   - Local:        http://localhost:3000
   - Network:      http://192.168.1.44:3000
   - Environments: .env.local

 ✓ Starting...
 ✓ Ready in 1385ms
 ✓ Compiled /middleware in 269ms (180 modules)
Middleware disabled, allowing all access to: /guest/auth
 ○ Compiling /guest/auth ...
 ✓ Compiled /guest/auth in 1956ms (893 modules)
 HEAD /guest/auth 200 in 2257ms
Middleware disabled, allowing all access to: /guest/auth
 GET /guest/auth 200 in 50ms
Middleware disabled, allowing all access to: /guest/auth
 GET /guest/auth 200 in 49ms
Middleware disabled, allowing all access to: /.well-known/appspecific/com.chrome.devtools.json
 ✓ Compiled /_not-found in 477ms (897 modules)
 GET /.well-known/appspecific/com.chrome.devtools.json 404 in 586ms
 ✓ Compiled in 221ms (404 modules)
 ✓ Compiled in 192ms (404 modules)
Middleware disabled, allowing all access to: /guest/auth
 GET /guest/auth 200 in 139ms
Middleware disabled, allowing all access to: /.well-known/appspecific/com.chrome.devtools.json
 ✓ Compiled /_not-found in 268ms (883 modules)
 GET /.well-known/appspecific/com.chrome.devtools.json 404 in 360ms
 ✓ Compiled in 202ms (404 modules)
Middleware disabled, allowing all access to: /guest/auth
 GET /guest/auth 200 in 30ms
Middleware disabled, allowing all access to: /guest/auth
 GET /guest/auth 200 in 120ms
Middleware disabled, allowing all access to: /.well-known/appspecific/com.chrome.devtools.json
 ✓ Compiled /_not-found in 215ms (883 modules)
 GET /.well-known/appspecific/com.chrome.devtools.json 404 in 302ms
 ✓ Compiled in 152ms (407 modules)
Middleware disabled, allowing all access to: /guest/auth
 GET /guest/auth 200 in 70ms
Middleware disabled, allowing all access to: /guest/auth
 GET /guest/auth 200 in 97ms
Middleware disabled, allowing all access to: /guest/auth
 ✓ Compiled in 545ms (1063 modules)
 GET /guest/auth 200 in 382ms
Middleware disabled, allowing all access to: /guest/auth
 GET /guest/auth 200 in 15ms
Middleware disabled, allowing all access to: /guest/auth
 GET /guest/auth 200 in 14ms
Middleware disabled, allowing all access to: /guest/auth
 GET /guest/auth 200 in 13ms
Middleware disabled, allowing all access to: /test-db
 ○ Compiling /test-db ...
 ✓ Compiled /test-db in 536ms (888 modules)
 GET /test-db 200 in 708ms
Middleware disabled, allowing all access to: /.well-known/appspecific/com.chrome.devtools.json
 ✓ Compiled /_not-found in 170ms (892 modules)
 GET /.well-known/appspecific/com.chrome.devtools.json 404 in 279ms
Middleware disabled, allowing all access to: /.well-known/appspecific/com.chrome.devtools.json
 GET /.well-known/appspecific/com.chrome.devtools.json 404 in 41ms
 ⚠ Fast Refresh had to perform a full reload. Read more: https://nextjs.org/docs/messages/fast-refresh-reload
 ⚠ Fast Refresh had to perform a full reload. Read more: https://nextjs.org/docs/messages/fast-refresh-reload
Middleware disabled, allowing all access to: /guest/auth
 ✓ Compiled in 660ms (878 modules)
Middleware disabled, allowing all access to: /guest/auth
Middleware disabled, allowing all access to: /test-db
 ✓ Compiled in 0ms (483 modules)
 ✓ Compiled in 0ms (483 modules)
 ✓ Compiled in 1ms (483 modules)
 ⨯ ReferenceError: createBrowserClient is not defined
    at new GuestAuthService (src/lib/auth/guest-auth.ts:22:4)
    at eval (src/app/guest/auth/page.tsx:7:18)
    at (ssr)/./src/app/guest/auth/page.tsx (.next/server/app/guest/auth/page.js:160:1)
    at Object.__webpack_require__ [as require] (.next/server/webpack-runtime.js:33:43)
    at JSON.parse (<anonymous>)
  20 |
  21 |   constructor() {
> 22 |     this.supabase = createBrowserClient(
     |    ^
  23 |       process.env.NEXT_PUBLIC_SUPABASE_URL!,
  24 |       process.env.NEXT_PUBLIC_SUPABASE_ANON_KEY!
  25 |     ); {
  digest: '1515970890'
}
 GET /guest/auth 200 in 605ms
Middleware disabled, allowing all access to: /guest/auth
Middleware disabled, allowing all access to: /guest/auth
 GET /guest/auth 500 in 926ms
Middleware disabled, allowing all access to: /.well-known/appspecific/com.chrome.devtools.json
 ✓ Compiled /_not-found in 421ms (868 modules)
 GET /.well-known/appspecific/com.chrome.devtools.json 404 in 530ms
 GET /test-db 200 in 1174ms
 ⨯ ReferenceError: createBrowserClient is not defined
    at new GuestAuthService (src/lib/auth/guest-auth.ts:22:4)
    at eval (src/app/guest/auth/page.tsx:7:18)
    at (ssr)/./src/app/guest/auth/page.tsx (.next/server/app/guest/auth/page.js:160:1)
    at Object.__webpack_require__ [as require] (.next/server/webpack-runtime.js:33:43)
    at JSON.parse (<anonymous>)
  20 |
  21 |   constructor() {
> 22 |     this.supabase = createBrowserClient(
     |    ^
  23 |       process.env.NEXT_PUBLIC_SUPABASE_URL!,
  24 |       process.env.NEXT_PUBLIC_SUPABASE_ANON_KEY!
  25 |     ); {
  digest: '1515970890'
}
 GET /guest/auth 200 in 834ms
 GET /guest/auth 500 in 837ms
Middleware disabled, allowing all access to: /.well-known/appspecific/com.chrome.devtools.json
 GET /.well-known/appspecific/com.chrome.devtools.json 404 in 31ms
 ⚠ Fast Refresh had to perform a full reload due to a runtime error.
Middleware disabled, allowing all access to: /guest/auth
 ✓ Compiled in 277ms (882 modules)
Middleware disabled, allowing all access to: /guest/auth
Middleware disabled, allowing all access to: /test-db
 ⚠ Fast Refresh had to perform a full reload due to a runtime error.
 ✓ Compiled in 0ms (484 modules)
 ✓ Compiled in 0ms (484 modules)
 ✓ Compiled in 0ms (484 modules)
Middleware disabled, allowing all access to: /guest/auth
 GET /guest/auth 200 in 391ms
Middleware disabled, allowing all access to: /.well-known/appspecific/com.chrome.devtools.json
 ✓ Compiled in 228ms (868 modules)
 GET /.well-known/appspecific/com.chrome.devtools.json 404 in 307ms
 GET /test-db 200 in 722ms
 GET /guest/auth 200 in 441ms
Middleware disabled, allowing all access to: /.well-known/appspecific/com.chrome.devtools.json
 GET /.well-known/appspecific/com.chrome.devtools.json 404 in 31ms
 ✓ Compiled in 288ms (882 modules)
Middleware disabled, allowing all access to: /test-db
Middleware disabled, allowing all access to: /guest/auth
 GET /test-db 200 in 96ms
 GET /guest/auth 200 in 101ms
Middleware disabled, allowing all access to: /guest/auth
 GET /guest/auth 200 in 13ms
 ⚠ Fast Refresh had to perform a full reload. Read more: https://nextjs.org/docs/messages/fast-refresh-reload
Middleware disabled, allowing all access to: /guest/auth
 ⨯ ReferenceError: supabase is not defined
    at new GuestAuthService (src/lib/auth/guest-auth.ts:19:21)
    at eval (src/app/guest/auth/page.tsx:7:18)
    at (ssr)/./src/app/guest/auth/page.tsx (.next/server/app/guest/auth/page.js:160:1)
    at Object.__webpack_require__ [as require] (.next/server/webpack-runtime.js:33:43)
    at JSON.parse (<anonymous>)
  17 |
  18 | export class GuestAuthService {
> 19 |   private supabase = supabase;
     |                     ^
  20 |
  21 |   /**
  22 |    * Register a new guest with email and password {
  digest: '1751776153'
}
 ⚠ Fast Refresh had to perform a full reload. Read more: https://nextjs.org/docs/messages/fast-refresh-reload
Middleware disabled, allowing all access to: /guest/auth
 GET /guest/auth 500 in 321ms
Middleware disabled, allowing all access to: /.well-known/appspecific/com.chrome.devtools.json
 ⨯ ReferenceError: supabase is not defined
    at new GuestAuthService (src/lib/auth/guest-auth.ts:19:21)
    at eval (src/app/guest/auth/page.tsx:7:18)
    at (ssr)/./src/app/guest/auth/page.tsx (.next/server/app/guest/auth/page.js:160:1)
    at Object.__webpack_require__ [as require] (.next/server/webpack-runtime.js:33:43)
    at JSON.parse (<anonymous>)
  17 |
  18 | export class GuestAuthService {
> 19 |   private supabase = supabase;
     |                     ^
  20 |
  21 |   /**
  22 |    * Register a new guest with email and password {
  digest: '1751776153'
}
 GET /.well-known/appspecific/com.chrome.devtools.json 404 in 277ms
Middleware disabled, allowing all access to: /.well-known/appspecific/com.chrome.devtools.json
 GET /guest/auth 500 in 347ms
 GET /.well-known/appspecific/com.chrome.devtools.json 404 in 69ms
 ✓ Compiled in 216ms (882 modules)
Middleware disabled, allowing all access to: /guest/auth
Middleware disabled, allowing all access to: /test-db
 GET /test-db 200 in 213ms
Middleware disabled, allowing all access to: /guest/auth
Middleware disabled, allowing all access to: /.well-known/appspecific/com.chrome.devtools.json
 GET /guest/auth 200 in 250ms
 GET /.well-known/appspecific/com.chrome.devtools.json 404 in 113ms
 GET /guest/auth 200 in 206ms
Middleware disabled, allowing all access to: /.well-known/appspecific/com.chrome.devtools.json
 GET /.well-known/appspecific/com.chrome.devtools.json 404 in 34ms
Middleware disabled, allowing all access to: /guest/auth
 GET /guest/auth 200 in 36ms
Middleware disabled, allowing all access to: /.well-known/appspecific/com.chrome.devtools.json
 GET /.well-known/appspecific/com.chrome.devtools.json 404 in 33ms
Middleware disabled, allowing all access to: /guest/auth
Middleware disabled, allowing all access to: /.well-known/appspecific/com.chrome.devtools.json
 GET /guest/auth 200 in 81ms
 GET /.well-known/appspecific/com.chrome.devtools.json 404 in 59ms
Middleware disabled, allowing all access to: /guest/auth
 GET /guest/auth 200 in 39ms
Middleware disabled, allowing all access to: /guest/dashboard
 ✓ Compiled /guest/dashboard in 467ms (875 modules)
 GET /guest/dashboard 200 in 559ms
Middleware disabled, allowing all access to: /.well-known/appspecific/com.chrome.devtools.json
 GET /.well-known/appspecific/com.chrome.devtools.json 404 in 45ms
 ✓ Compiled in 532ms (885 modules)
Middleware disabled, allowing all access to: /test-db
Middleware disabled, allowing all access to: /guest/auth
Middleware disabled, allowing all access to: /guest/dashboard
 GET /test-db 200 in 102ms
 GET /guest/auth 200 in 108ms
 GET /guest/dashboard 200 in 109ms
Middleware disabled, allowing all access to: /guest/auth
 GET /guest/auth 200 in 46ms
 ✓ Compiled in 221ms (885 modules)
Middleware disabled, allowing all access to: /guest/auth
Middleware disabled, allowing all access to: /test-db
Middleware disabled, allowing all access to: /guest/dashboard
 GET /guest/auth 200 in 114ms
 GET /test-db 200 in 123ms
 GET /guest/dashboard 200 in 128ms
Middleware disabled, allowing all access to: /guest/auth
 GET /guest/auth 200 in 30ms
 ✓ Compiled in 490ms (885 modules)
Middleware disabled, allowing all access to: /guest/auth
Middleware disabled, allowing all access to: /test-db
Middleware disabled, allowing all access to: /guest/dashboard
 GET /guest/auth 200 in 119ms
 GET /test-db 200 in 126ms
 GET /guest/dashboard 200 in 127ms
Middleware disabled, allowing all access to: /guest/auth
 GET /guest/auth 200 in 49ms
 ✓ Compiled in 349ms (885 modules)
Middleware disabled, allowing all access to: /test-db
Middleware disabled, allowing all access to: /guest/auth
Middleware disabled, allowing all access to: /guest/dashboard
 GET /guest/auth 200 in 99ms
 GET /guest/dashboard 200 in 103ms
 GET /test-db 200 in 105ms
Middleware disabled, allowing all access to: /guest/auth
 GET /guest/auth 200 in 20ms
 ✓ Compiled in 227ms (885 modules)
Middleware disabled, allowing all access to: /test-db
Middleware disabled, allowing all access to: /guest/auth
Middleware disabled, allowing all access to: /guest/dashboard
 GET /test-db 200 in 67ms
 GET /guest/dashboard 200 in 73ms
 GET /guest/auth 200 in 81ms
Middleware disabled, allowing all access to: /guest/auth
 GET /guest/auth 200 in 90ms
 ✓ Compiled in 346ms (885 modules)
Middleware disabled, allowing all access to: /guest/dashboard
Middleware disabled, allowing all access to: /guest/auth
Middleware disabled, allowing all access to: /test-db
 GET /guest/dashboard 200 in 111ms
 GET /guest/auth 200 in 115ms
 GET /test-db 200 in 118ms
Middleware disabled, allowing all access to: /guest/auth
 GET /guest/auth 200 in 81ms
Middleware disabled, allowing all access to: /guest/auth
Middleware disabled, allowing all access to: /guest/dashboard
Middleware disabled, allowing all access to: /test-db
 ✓ Compiled in 631ms (1051 modules)
 GET /test-db 200 in 452ms
 GET /guest/dashboard 200 in 457ms
 GET /guest/auth 200 in 460ms
Middleware disabled, allowing all access to: /guest/auth
Middleware disabled, allowing all access to: /test-db
Middleware disabled, allowing all access to: /guest/dashboard
 GET /guest/auth 200 in 41ms
Middleware disabled, allowing all access to: /guest/auth
 GET /test-db 200 in 49ms
 GET /guest/dashboard 200 in 50ms
 GET /guest/auth 200 in 21ms
Middleware disabled, allowing all access to: /guest/auth
 GET /guest/auth 200 in 28ms
Middleware disabled, allowing all access to: /join/22dcdbdc-bb85-4439-aac4-ed032d1af01a
 ✓ Compiled /join/[guestId] in 442ms (878 modules)
 GET /join/22dcdbdc-bb85-4439-aac4-ed032d1af01a 200 in 1118ms
Middleware disabled, allowing all access to: /.well-known/appspecific/com.chrome.devtools.json
 ✓ Compiled /_not-found in 362ms (882 modules)
 GET /.well-known/appspecific/com.chrome.devtools.json 404 in 446ms
Middleware disabled, allowing all access to: /guest/dashboard
 GET /guest/dashboard 200 in 41ms
Middleware disabled, allowing all access to: /test-db
Middleware disabled, allowing all access to: /guest/auth
Middleware disabled, allowing all access to: /guest/dashboard
Middleware disabled, allowing all access to: /guest/dashboard
Middleware disabled, allowing all access to: /join/22dcdbdc-bb85-4439-aac4-ed032d1af01a
 ✓ Compiled in 765ms (1058 modules)
 GET /test-db 200 in 561ms
 GET /join/22dcdbdc-bb85-4439-aac4-ed032d1af01a 200 in 561ms
 GET /guest/dashboard 200 in 564ms
 GET /guest/auth 200 in 564ms
 GET /guest/dashboard 200 in 569ms
Middleware disabled, allowing all access to: /guest/dashboard
Middleware disabled, allowing all access to: /test-db
Middleware disabled, allowing all access to: /guest/auth
Middleware disabled, allowing all access to: /join/22dcdbdc-bb85-4439-aac4-ed032d1af01a
 GET /guest/auth 200 in 90ms
 GET /guest/dashboard 200 in 94ms
 GET /join/22dcdbdc-bb85-4439-aac4-ed032d1af01a 200 in 91ms
 GET /test-db 200 in 98ms
Middleware disabled, allowing all access to: /guest/dashboard
 GET /guest/dashboard 200 in 84ms
Middleware disabled, allowing all access to: /join/test
 ✓ Compiled /join/test in 480ms (885 modules)
 GET /join/test 200 in 610ms
Middleware disabled, allowing all access to: /.well-known/appspecific/com.chrome.devtools.json
 ✓ Compiled /_not-found in 276ms (889 modules)
 GET /.well-known/appspecific/com.chrome.devtools.json 404 in 363ms
 ✓ Compiled in 544ms (899 modules)
Middleware disabled, allowing all access to: /test-db
Middleware disabled, allowing all access to: /guest/dashboard
Middleware disabled, allowing all access to: /guest/auth
Middleware disabled, allowing all access to: /join/22dcdbdc-bb85-4439-aac4-ed032d1af01a
Middleware disabled, allowing all access to: /join/test
 GET /test-db 200 in 158ms
 GET /guest/dashboard 200 in 163ms
 GET /guest/auth 200 in 165ms
 GET /join/test 200 in 175ms
 GET /join/22dcdbdc-bb85-4439-aac4-ed032d1af01a 200 in 174ms
Middleware disabled, allowing all access to: /guest/dashboard
 GET /guest/dashboard 200 in 113ms
 ✓ Compiled in 372ms (899 modules)
Middleware disabled, allowing all access to: /test-db
Middleware disabled, allowing all access to: /guest/dashboard
Middleware disabled, allowing all access to: /guest/auth
Middleware disabled, allowing all access to: /join/22dcdbdc-bb85-4439-aac4-ed032d1af01a
Middleware disabled, allowing all access to: /join/test
 GET /test-db 200 in 180ms
 GET /join/test 200 in 200ms
 GET /guest/auth 200 in 201ms
 GET /guest/dashboard 200 in 205ms
 GET /join/22dcdbdc-bb85-4439-aac4-ed032d1af01a 200 in 202ms
Middleware disabled, allowing all access to: /guest/dashboard
 GET /guest/dashboard 200 in 102ms
 ✓ Compiled in 406ms (899 modules)
Middleware disabled, allowing all access to: /test-db
Middleware disabled, allowing all access to: /guest/dashboard
Middleware disabled, allowing all access to: /join/22dcdbdc-bb85-4439-aac4-ed032d1af01a
Middleware disabled, allowing all access to: /join/test
Middleware disabled, allowing all access to: /guest/auth
 GET /test-db 200 in 139ms
 GET /join/test 200 in 151ms
 GET /join/22dcdbdc-bb85-4439-aac4-ed032d1af01a 200 in 147ms
 GET /guest/auth 200 in 152ms
 GET /guest/dashboard 200 in 160ms
Middleware disabled, allowing all access to: /guest/dashboard
 GET /guest/dashboard 200 in 116ms
 ✓ Compiled in 268ms (899 modules)
Middleware disabled, allowing all access to: /test-db
Middleware disabled, allowing all access to: /guest/auth
Middleware disabled, allowing all access to: /join/22dcdbdc-bb85-4439-aac4-ed032d1af01a
Middleware disabled, allowing all access to: /guest/dashboard
Middleware disabled, allowing all access to: /join/test
 GET /test-db 200 in 136ms
 GET /guest/dashboard 200 in 148ms
 GET /join/test 200 in 152ms
 GET /guest/auth 200 in 153ms
 GET /join/22dcdbdc-bb85-4439-aac4-ed032d1af01a 200 in 153ms
Middleware disabled, allowing all access to: /guest/dashboard
 GET /guest/dashboard 200 in 76ms
Middleware disabled, allowing all access to: /join/test
 GET /join/test 200 in 105ms
 ✓ Compiled in 315ms (401 modules)
Middleware disabled, allowing all access to: /test-db
Middleware disabled, allowing all access to: /join/test
Middleware disabled, allowing all access to: /guest/auth
Middleware disabled, allowing all access to: /guest/dashboard
Middleware disabled, allowing all access to: /join/22dcdbdc-bb85-4439-aac4-ed032d1af01a
 GET /test-db 200 in 161ms
 GET /guest/dashboard 200 in 187ms
 GET /join/22dcdbdc-bb85-4439-aac4-ed032d1af01a 200 in 184ms
 GET /join/test 200 in 207ms
 GET /guest/auth 200 in 229ms
Middleware disabled, allowing all access to: /guest/dashboard
Middleware disabled, allowing all access to: /join/test
 GET /guest/dashboard 200 in 159ms
 GET /join/test 200 in 131ms
 ✓ Compiled in 402ms (899 modules)
Middleware disabled, allowing all access to: /test-db
Middleware disabled, allowing all access to: /guest/auth
Middleware disabled, allowing all access to: /join/test
Middleware disabled, allowing all access to: /guest/dashboard
Middleware disabled, allowing all access to: /join/22dcdbdc-bb85-4439-aac4-ed032d1af01a
 GET /test-db 200 in 175ms
 GET /join/test 200 in 195ms
 GET /guest/dashboard 200 in 198ms
 GET /guest/auth 200 in 223ms
Middleware disabled, allowing all access to: /join/test
 GET /join/22dcdbdc-bb85-4439-aac4-ed032d1af01a 200 in 264ms
Middleware disabled, allowing all access to: /guest/dashboard
 GET /join/test 200 in 101ms
 GET /guest/dashboard 200 in 77ms
 ✓ Compiled in 542ms (899 modules)
Middleware disabled, allowing all access to: /join/test
Middleware disabled, allowing all access to: /test-db
Middleware disabled, allowing all access to: /guest/auth
Middleware disabled, allowing all access to: /join/22dcdbdc-bb85-4439-aac4-ed032d1af01a
Middleware disabled, allowing all access to: /guest/dashboard
 GET /join/test 200 in 233ms
 GET /test-db 200 in 250ms
 GET /guest/auth 200 in 253ms
 GET /join/22dcdbdc-bb85-4439-aac4-ed032d1af01a 200 in 247ms
Middleware disabled, allowing all access to: /join/test
 GET /guest/dashboard 200 in 260ms
Middleware disabled, allowing all access to: /guest/dashboard
 GET /join/test 200 in 101ms
 GET /guest/dashboard 200 in 118ms
 ✓ Compiled in 582ms (899 modules)
Middleware disabled, allowing all access to: /guest/auth
Middleware disabled, allowing all access to: /test-db
Middleware disabled, allowing all access to: /guest/dashboard
Middleware disabled, allowing all access to: /join/22dcdbdc-bb85-4439-aac4-ed032d1af01a
Middleware disabled, allowing all access to: /join/test
 GET /test-db 200 in 159ms
 GET /guest/dashboard 200 in 163ms
 GET /guest/auth 200 in 188ms
 GET /join/22dcdbdc-bb85-4439-aac4-ed032d1af01a 200 in 203ms
 GET /join/test 200 in 222ms
Middleware disabled, allowing all access to: /guest/dashboard
Middleware disabled, allowing all access to: /join/test
 GET /guest/dashboard 200 in 78ms
 GET /join/test 200 in 65ms
 ✓ Compiled in 438ms (899 modules)
Middleware disabled, allowing all access to: /guest/auth
Middleware disabled, allowing all access to: /test-db
Middleware disabled, allowing all access to: /guest/dashboard
Middleware disabled, allowing all access to: /join/test
Middleware disabled, allowing all access to: /join/22dcdbdc-bb85-4439-aac4-ed032d1af01a
 GET /guest/auth 200 in 169ms
 GET /test-db 200 in 193ms
 GET /join/test 200 in 202ms
 GET /guest/dashboard 200 in 210ms
 GET /join/22dcdbdc-bb85-4439-aac4-ed032d1af01a 200 in 215ms
Middleware disabled, allowing all access to: /join/test
Middleware disabled, allowing all access to: /guest/dashboard
 GET /join/test 200 in 127ms
 GET /guest/dashboard 200 in 68ms
 ✓ Compiled in 469ms (899 modules)
Middleware disabled, allowing all access to: /guest/auth
Middleware disabled, allowing all access to: /test-db
Middleware disabled, allowing all access to: /guest/dashboard
Middleware disabled, allowing all access to: /join/22dcdbdc-bb85-4439-aac4-ed032d1af01a
Middleware disabled, allowing all access to: /join/test
 GET /guest/auth 200 in 242ms
 GET /join/22dcdbdc-bb85-4439-aac4-ed032d1af01a 200 in 270ms
 GET /guest/dashboard 200 in 274ms
 GET /test-db 200 in 279ms
 GET /join/test 200 in 294ms
Middleware disabled, allowing all access to: /guest/dashboard
Middleware disabled, allowing all access to: /join/test
 GET /guest/dashboard 200 in 100ms
 GET /join/test 200 in 55ms
 ✓ Compiled in 370ms (899 modules)
Middleware disabled, allowing all access to: /test-db
Middleware disabled, allowing all access to: /guest/dashboard
Middleware disabled, allowing all access to: /guest/auth
Middleware disabled, allowing all access to: /join/22dcdbdc-bb85-4439-aac4-ed032d1af01a
Middleware disabled, allowing all access to: /join/test
 GET /test-db 200 in 169ms
 GET /guest/dashboard 200 in 184ms
 GET /guest/auth 200 in 194ms
 GET /join/test 200 in 194ms
 GET /join/22dcdbdc-bb85-4439-aac4-ed032d1af01a 200 in 213ms
Middleware disabled, allowing all access to: /guest/dashboard
Middleware disabled, allowing all access to: /join/test
 GET /guest/dashboard 200 in 97ms
 GET /join/test 200 in 63ms
Middleware disabled, allowing all access to: /guest/auth
 GET /guest/auth 200 in 174ms
Middleware disabled, allowing all access to: /guest/auth
 GET /guest/auth 200 in 66ms
Middleware disabled, allowing all access to: /auth/login
Middleware disabled, allowing all access to: /guest/auth
 ○ Compiling /auth/login ...
 ✓ Compiled /auth/login in 685ms (892 modules)
 GET /auth/login 200 in 934ms
 GET /guest/auth 200 in 482ms
 ✓ Compiled in 299ms (403 modules)
Middleware disabled, allowing all access to: /guest/dashboard
Middleware disabled, allowing all access to: /guest/auth
Middleware disabled, allowing all access to: /join/22dcdbdc-bb85-4439-aac4-ed032d1af01a
Middleware disabled, allowing all access to: /join/test
Middleware disabled, allowing all access to: /auth/login
Middleware disabled, allowing all access to: /test-db
 GET /guest/auth 200 in 200ms
 GET /guest/dashboard 200 in 225ms
 GET /auth/login 200 in 232ms
 GET /join/22dcdbdc-bb85-4439-aac4-ed032d1af01a 200 in 255ms
 GET /join/test 200 in 264ms
 GET /test-db 200 in 293ms
Middleware disabled, allowing all access to: /guest/auth
Middleware disabled, allowing all access to: /guest/dashboard
Middleware disabled, allowing all access to: /join/test
 GET /guest/auth 200 in 165ms
 GET /guest/dashboard 200 in 205ms
 GET /join/test 200 in 226ms
Middleware disabled, allowing all access to: /guest/auth
 GET /guest/auth 200 in 86ms
Middleware disabled, allowing all access to: /guest/auth
 GET /guest/auth 200 in 42ms
 ✓ Compiled in 1053ms (906 modules)
Middleware disabled, allowing all access to: /guest/dashboard
Middleware disabled, allowing all access to: /guest/auth
Middleware disabled, allowing all access to: /test-db
Middleware disabled, allowing all access to: /join/test
Middleware disabled, allowing all access to: /join/22dcdbdc-bb85-4439-aac4-ed032d1af01a
Middleware disabled, allowing all access to: /auth/login
 GET /guest/dashboard 200 in 257ms
 GET /guest/auth 200 in 272ms
 GET /join/test 200 in 272ms
 GET /test-db 200 in 273ms
 GET /join/22dcdbdc-bb85-4439-aac4-ed032d1af01a 200 in 271ms
 GET /auth/login 200 in 273ms
Middleware disabled, allowing all access to: /guest/dashboard
Middleware disabled, allowing all access to: /join/test
Middleware disabled, allowing all access to: /guest/auth
 GET /join/test 200 in 149ms
 GET /guest/dashboard 200 in 162ms
 GET /guest/auth 200 in 183ms
Middleware disabled, allowing all access to: /guest/auth
 GET /guest/auth 200 in 46ms
Middleware disabled, allowing all access to: /guest/auth
 GET /guest/auth 200 in 39ms
 ✓ Compiled in 286ms (906 modules)
Middleware disabled, allowing all access to: /guest/auth
Middleware disabled, allowing all access to: /test-db
Middleware disabled, allowing all access to: /guest/dashboard
Middleware disabled, allowing all access to: /join/22dcdbdc-bb85-4439-aac4-ed032d1af01a
Middleware disabled, allowing all access to: /auth/login
Middleware disabled, allowing all access to: /join/test
 GET /guest/auth 200 in 220ms
 GET /test-db 200 in 240ms
 GET /auth/login 200 in 241ms
 GET /join/test 200 in 242ms
 GET /guest/dashboard 200 in 272ms
 GET /join/22dcdbdc-bb85-4439-aac4-ed032d1af01a 200 in 272ms
Middleware disabled, allowing all access to: /guest/auth
Middleware disabled, allowing all access to: /join/test
Middleware disabled, allowing all access to: /guest/dashboard
 GET /guest/auth 200 in 146ms
 GET /join/test 200 in 161ms
 GET /guest/dashboard 200 in 164ms
Middleware disabled, allowing all access to: /guest/auth
 GET /guest/auth 200 in 120ms
Middleware disabled, allowing all access to: /guest/auth
 GET /guest/auth 200 in 44ms
 ✓ Compiled in 504ms (906 modules)
Middleware disabled, allowing all access to: /guest/auth
Middleware disabled, allowing all access to: /test-db
Middleware disabled, allowing all access to: /join/test
Middleware disabled, allowing all access to: /guest/dashboard
Middleware disabled, allowing all access to: /join/22dcdbdc-bb85-4439-aac4-ed032d1af01a
Middleware disabled, allowing all access to: /auth/login
 GET /guest/auth 200 in 180ms
 GET /test-db 200 in 181ms
 GET /guest/dashboard 200 in 183ms
 GET /join/22dcdbdc-bb85-4439-aac4-ed032d1af01a 200 in 228ms
 GET /join/test 200 in 253ms
 GET /auth/login 200 in 263ms
Middleware disabled, allowing all access to: /guest/auth
Middleware disabled, allowing all access to: /guest/dashboard
Middleware disabled, allowing all access to: /join/test
 GET /guest/auth 200 in 94ms
 GET /guest/dashboard 200 in 114ms
 GET /join/test 200 in 128ms
Middleware disabled, allowing all access to: /guest/auth
 GET /guest/auth 200 in 56ms
Middleware disabled, allowing all access to: /guest/auth
 GET /guest/auth 200 in 35ms
 ✓ Compiled in 512ms (906 modules)
Middleware disabled, allowing all access to: /test-db
Middleware disabled, allowing all access to: /guest/dashboard
Middleware disabled, allowing all access to: /guest/auth
Middleware disabled, allowing all access to: /join/22dcdbdc-bb85-4439-aac4-ed032d1af01a
Middleware disabled, allowing all access to: /join/test
Middleware disabled, allowing all access to: /auth/login
 GET /test-db 200 in 217ms
 GET /guest/dashboard 200 in 236ms
 GET /guest/auth 200 in 241ms
 GET /join/test 200 in 281ms
 GET /auth/login 200 in 290ms
 GET /join/22dcdbdc-bb85-4439-aac4-ed032d1af01a 200 in 291ms
Middleware disabled, allowing all access to: /guest/dashboard
Middleware disabled, allowing all access to: /guest/auth
Middleware disabled, allowing all access to: /join/test
 GET /guest/dashboard 200 in 78ms
 GET /guest/auth 200 in 97ms
Middleware disabled, allowing all access to: /guest/auth
 GET /join/test 200 in 124ms
 GET /guest/auth 200 in 65ms
Middleware disabled, allowing all access to: /guest/auth
 GET /guest/auth 200 in 54ms
Middleware disabled, allowing all access to: /guest/dashboard
 GET /guest/dashboard 200 in 173ms
Middleware disabled, allowing all access to: /guest/auth
 GET /guest/auth 200 in 22ms
Middleware disabled, allowing all access to: /guest/dashboard
 GET /guest/dashboard 200 in 38ms
Middleware disabled, allowing all access to: /.well-known/appspecific/com.chrome.devtools.json
 ○ Compiling /_not-found ...
 ✓ Compiled /_not-found in 810ms (896 modules)
 GET /.well-known/appspecific/com.chrome.devtools.json 404 in 925ms
Middleware disabled, allowing all access to: /.well-known/appspecific/com.chrome.devtools.json
 GET /.well-known/appspecific/com.chrome.devtools.json 404 in 69ms
Middleware disabled, allowing all access to: /join/test
 GET /join/test 200 in 190ms
Middleware disabled, allowing all access to: /guest/dashboard
 GET /guest/dashboard 200 in 131ms
Middleware disabled, allowing all access to: /.well-known/appspecific/com.chrome.devtools.json
 GET /.well-known/appspecific/com.chrome.devtools.json 404 in 50ms
 ✓ Compiled in 818ms (910 modules)
Middleware disabled, allowing all access to: /guest/auth
Middleware disabled, allowing all access to: /guest/dashboard
Middleware disabled, allowing all access to: /test-db
Middleware disabled, allowing all access to: /join/test
Middleware disabled, allowing all access to: /join/22dcdbdc-bb85-4439-aac4-ed032d1af01a
Middleware disabled, allowing all access to: /auth/login
 GET /guest/auth 200 in 249ms
 GET /guest/dashboard 200 in 296ms
 GET /auth/login 200 in 296ms
 GET /join/22dcdbdc-bb85-4439-aac4-ed032d1af01a 200 in 296ms
 GET /test-db 200 in 299ms
 GET /join/test 200 in 300ms
Middleware disabled, allowing all access to: /guest/auth
Middleware disabled, allowing all access to: /guest/dashboard
Middleware disabled, allowing all access to: /join/test
 GET /guest/auth 200 in 114ms
Middleware disabled, allowing all access to: /guest/auth
 GET /guest/dashboard 200 in 181ms
 GET /join/test 200 in 201ms
Middleware disabled, allowing all access to: /guest/dashboard
Middleware disabled, allowing all access to: /join/test
 GET /guest/auth 200 in 219ms
Middleware disabled, allowing all access to: /guest/auth
 GET /guest/dashboard 200 in 177ms
 GET /join/test 200 in 198ms
 GET /guest/auth 200 in 130ms
 ✓ Compiled in 416ms (910 modules)
Middleware disabled, allowing all access to: /guest/auth
Middleware disabled, allowing all access to: /test-db
Middleware disabled, allowing all access to: /join/test
Middleware disabled, allowing all access to: /join/22dcdbdc-bb85-4439-aac4-ed032d1af01a
Middleware disabled, allowing all access to: /guest/dashboard
Middleware disabled, allowing all access to: /auth/login
 GET /guest/auth 200 in 256ms
 GET /join/22dcdbdc-bb85-4439-aac4-ed032d1af01a 200 in 315ms
 GET /guest/dashboard 200 in 327ms
 GET /join/test 200 in 333ms
 GET /test-db 200 in 335ms
 GET /auth/login 200 in 381ms
Middleware disabled, allowing all access to: /guest/dashboard
Middleware disabled, allowing all access to: /join/test
Middleware disabled, allowing all access to: /guest/auth
 GET /guest/dashboard 200 in 222ms
 GET /guest/auth 200 in 252ms
 GET /join/test 200 in 268ms
Middleware disabled, allowing all access to: /guest/dashboard
Middleware disabled, allowing all access to: /guest/auth
Middleware disabled, allowing all access to: /join/test
 GET /guest/dashboard 200 in 184ms
 GET /guest/auth 200 in 188ms
 GET /join/test 200 in 190ms
Middleware disabled, allowing all access to: /guest/auth
 GET /guest/auth 200 in 53ms
 ✓ Compiled in 484ms (906 modules)
Middleware disabled, allowing all access to: /guest/dashboard
Middleware disabled, allowing all access to: /guest/auth
Middleware disabled, allowing all access to: /test-db
Middleware disabled, allowing all access to: /join/22dcdbdc-bb85-4439-aac4-ed032d1af01a
Middleware disabled, allowing all access to: /auth/login
Middleware disabled, allowing all access to: /join/test
 GET /guest/dashboard 200 in 247ms
 GET /auth/login 200 in 279ms
 GET /test-db 200 in 315ms
 GET /guest/auth 200 in 339ms
 GET /join/22dcdbdc-bb85-4439-aac4-ed032d1af01a 200 in 340ms
 GET /join/test 200 in 364ms
Middleware disabled, allowing all access to: /guest/dashboard
Middleware disabled, allowing all access to: /guest/auth
Middleware disabled, allowing all access to: /join/test
 GET /guest/dashboard 200 in 97ms
Middleware disabled, allowing all access to: /guest/dashboard
 GET /guest/auth 200 in 166ms
 GET /join/test 200 in 188ms
Middleware disabled, allowing all access to: /join/test
Middleware disabled, allowing all access to: /guest/auth
 GET /guest/dashboard 200 in 131ms
 GET /join/test 200 in 130ms
 GET /guest/auth 200 in 158ms
Middleware disabled, allowing all access to: /guest/auth
 GET /guest/auth 200 in 90ms
 ✓ Compiled in 432ms (906 modules)
Middleware disabled, allowing all access to: /test-db
Middleware disabled, allowing all access to: /join/22dcdbdc-bb85-4439-aac4-ed032d1af01a
Middleware disabled, allowing all access to: /auth/login
Middleware disabled, allowing all access to: /guest/auth
Middleware disabled, allowing all access to: /guest/dashboard
Middleware disabled, allowing all access to: /join/test
 GET /test-db 200 in 217ms
 GET /auth/login 200 in 240ms
 GET /join/test 200 in 252ms
 GET /join/22dcdbdc-bb85-4439-aac4-ed032d1af01a 200 in 267ms
 GET /guest/auth 200 in 290ms
 GET /guest/dashboard 200 in 291ms
Middleware disabled, allowing all access to: /guest/dashboard
Middleware disabled, allowing all access to: /guest/auth
Middleware disabled, allowing all access to: /join/test
 GET /guest/dashboard 200 in 161ms
 GET /join/test 200 in 190ms
 GET /guest/auth 200 in 231ms
Middleware disabled, allowing all access to: /guest/dashboard
Middleware disabled, allowing all access to: /join/test
Middleware disabled, allowing all access to: /guest/auth
 GET /guest/dashboard 200 in 203ms
 GET /join/test 200 in 266ms
 GET /guest/auth 200 in 312ms
Middleware disabled, allowing all access to: /guest/auth
 GET /guest/auth 200 in 52ms
 ✓ Compiled in 408ms (906 modules)
Middleware disabled, allowing all access to: /guest/auth
Middleware disabled, allowing all access to: /guest/dashboard
Middleware disabled, allowing all access to: /join/22dcdbdc-bb85-4439-aac4-ed032d1af01a
Middleware disabled, allowing all access to: /test-db
Middleware disabled, allowing all access to: /join/test
Middleware disabled, allowing all access to: /auth/login
 GET /guest/auth 200 in 263ms
 GET /guest/dashboard 200 in 281ms
 GET /join/test 200 in 293ms
 GET /test-db 200 in 306ms
 GET /join/22dcdbdc-bb85-4439-aac4-ed032d1af01a 200 in 303ms
 GET /auth/login 200 in 307ms
Middleware disabled, allowing all access to: /guest/auth
Middleware disabled, allowing all access to: /guest/dashboard
Middleware disabled, allowing all access to: /join/test
 GET /guest/auth 200 in 172ms
 GET /join/test 200 in 210ms
Middleware disabled, allowing all access to: /guest/auth
 GET /guest/dashboard 200 in 241ms
Middleware disabled, allowing all access to: /join/test
Middleware disabled, allowing all access to: /guest/dashboard
 GET /guest/auth 200 in 210ms
 GET /guest/dashboard 200 in 214ms
 GET /join/test 200 in 217ms
Middleware disabled, allowing all access to: /guest/auth
 GET /guest/auth 200 in 60ms
 ✓ Compiled in 395ms (906 modules)
Middleware disabled, allowing all access to: /guest/dashboard
Middleware disabled, allowing all access to: /test-db
Middleware disabled, allowing all access to: /join/22dcdbdc-bb85-4439-aac4-ed032d1af01a
Middleware disabled, allowing all access to: /guest/auth
Middleware disabled, allowing all access to: /join/test
Middleware disabled, allowing all access to: /auth/login
 GET /test-db 200 in 279ms
 GET /guest/auth 200 in 301ms
 GET /guest/dashboard 200 in 325ms
 GET /join/22dcdbdc-bb85-4439-aac4-ed032d1af01a 200 in 322ms
 GET /join/test 200 in 330ms
 GET /auth/login 200 in 362ms
Middleware disabled, allowing all access to: /guest/auth
Middleware disabled, allowing all access to: /guest/dashboard
Middleware disabled, allowing all access to: /join/test
 GET /guest/auth 200 in 141ms
Middleware disabled, allowing all access to: /guest/auth
 GET /guest/dashboard 200 in 190ms
Middleware disabled, allowing all access to: /guest/dashboard
 GET /join/test 200 in 204ms
Middleware disabled, allowing all access to: /join/test
 GET /guest/auth 200 in 180ms
 GET /guest/dashboard 200 in 172ms
Middleware disabled, allowing all access to: /guest/auth
 GET /join/test 200 in 265ms
 GET /guest/auth 200 in 100ms
 ✓ Compiled in 714ms (906 modules)
Middleware disabled, allowing all access to: /test-db
Middleware disabled, allowing all access to: /guest/auth
Middleware disabled, allowing all access to: /join/test
Middleware disabled, allowing all access to: /guest/dashboard
Middleware disabled, allowing all access to: /join/22dcdbdc-bb85-4439-aac4-ed032d1af01a
Middleware disabled, allowing all access to: /auth/login
 GET /test-db 200 in 244ms
 GET /guest/auth 200 in 280ms
 GET /join/test 200 in 280ms
 GET /join/22dcdbdc-bb85-4439-aac4-ed032d1af01a 200 in 279ms
 GET /guest/dashboard 200 in 281ms
 GET /auth/login 200 in 328ms
Middleware disabled, allowing all access to: /guest/auth
Middleware disabled, allowing all access to: /guest/dashboard
Middleware disabled, allowing all access to: /join/test
 GET /guest/auth 200 in 74ms
Middleware disabled, allowing all access to: /guest/auth
 GET /join/test 200 in 121ms
Middleware disabled, allowing all access to: /join/test
 GET /guest/dashboard 200 in 150ms
Middleware disabled, allowing all access to: /guest/dashboard
 GET /guest/auth 200 in 142ms
 GET /join/test 200 in 170ms
Middleware disabled, allowing all access to: /guest/auth
 GET /guest/dashboard 200 in 156ms
 GET /guest/auth 200 in 78ms
 ✓ Compiled in 692ms (1067 modules)
 ○ Compiling /_error ...
 ✓ Compiled /_error in 1092ms (1221 modules)
 GET /doorperson/login 404 in 4ms
 ○ Compiling /_not-found ...
 ✓ Compiled /_not-found in 541ms (1225 modules)
 ✓ Compiled /favicon.ico in 329ms (602 modules)
 GET /favicon.ico 200 in 437ms
 GET /.well-known/appspecific/com.chrome.devtools.json 404 in 1ms
 ✓ Compiled in 483ms (833 modules)
Middleware disabled, allowing all access to: /doorperson/login
 ⚠ Fast Refresh had to perform a full reload due to a runtime error.
Middleware disabled, allowing all access to: /doorperson/login
 ✓ Compiled /doorperson/login in 359ms (1248 modules)
 GET /doorperson/login 200 in 538ms
Middleware disabled, allowing all access to: /.well-known/appspecific/com.chrome.devtools.json
 GET /_next/static/css/app/layout.css?v=1751033345664 404 in 96ms
<w> [webpack.cache.PackFileCacheStrategy] Serializing big strings (100kiB) impacts deserialization performance (consider using Buffer instead and decode when needed)
 GET /.well-known/appspecific/com.chrome.devtools.json 404 in 136ms
 GET /_next/static/chunks/main-app.js?v=1751033345664 404 in 118ms
 GET /_next/static/chunks/app-pages-internals.js 404 in 116ms
 GET /favicon.ico 200 in 32ms
 ✓ Compiled in 511ms (1262 modules)
 ✓ Compiled in 182ms (655 modules)
 ✓ Compiled in 126ms (652 modules)
[?25h
